{
    "cmip5.output1.NOAA-GFDL.GFDL-HIRAM-C180.amip.day.atmos.day.r1i1p1": [
        {
            "id": "cmip5.output1.NOAA-GFDL.GFDL-HIRAM-C180.amip.day.atmos.day.r1i1p1.v20110601|esgdata.gfdl.noaa.gov", 
            "instance_id": "cmip5.output1.NOAA-GFDL.GFDL-HIRAM-C180.amip.day.atmos.day.r1i1p1.v20110601", 
            "latest": true, 
            "master_id": "cmip5.output1.NOAA-GFDL.GFDL-HIRAM-C180.amip.day.atmos.day.r1i1p1", 
            "replica": false, 
            "score": 1.0, 
            "version": "20110601"
        }, 
        {
            "id": "cmip5.output1.NOAA-GFDL.GFDL-HIRAM-C180.amip.day.atmos.day.r1i1p1.v20110601|esgf2.dkrz.de", 
            "instance_id": "cmip5.output1.NOAA-GFDL.GFDL-HIRAM-C180.amip.day.atmos.day.r1i1p1.v20110601", 
            "latest": true, 
            "master_id": "cmip5.output1.NOAA-GFDL.GFDL-HIRAM-C180.amip.day.atmos.day.r1i1p1", 
            "replica": true, 
            "score": 1.0, 
            "version": "20110601"
        }, 
        {
            "id": "cmip5.output1.NOAA-GFDL.GFDL-HIRAM-C180.amip.day.atmos.day.r1i1p1.v20110601|esgf-data1.ceda.ac.uk", 
            "instance_id": "cmip5.output1.NOAA-GFDL.GFDL-HIRAM-C180.amip.day.atmos.day.r1i1p1.v20110601", 
            "latest": true, 
            "master_id": "cmip5.output1.NOAA-GFDL.GFDL-HIRAM-C180.amip.day.atmos.day.r1i1p1", 
            "replica": true, 
            "score": 1.0, 
            "version": "20110601"
        }
    ], 
    "cmip5.output1.NOAA-GFDL.GFDL-HIRAM-C180.amip.day.atmos.day.r2i1p1": [
        {
            "id": "cmip5.output1.NOAA-GFDL.GFDL-HIRAM-C180.amip.day.atmos.day.r2i1p1.v20110601|esgdata.gfdl.noaa.gov", 
            "instance_id": "cmip5.output1.NOAA-GFDL.GFDL-HIRAM-C180.amip.day.atmos.day.r2i1p1.v20110601", 
            "latest": true, 
            "master_id": "cmip5.output1.NOAA-GFDL.GFDL-HIRAM-C180.amip.day.atmos.day.r2i1p1", 
            "replica": false, 
            "score": 1.0, 
            "version": "20110601"
        }, 
        {
            "id": "cmip5.output1.NOAA-GFDL.GFDL-HIRAM-C180.amip.day.atmos.day.r2i1p1.v20110601|esgf2.dkrz.de", 
            "instance_id": "cmip5.output1.NOAA-GFDL.GFDL-HIRAM-C180.amip.day.atmos.day.r2i1p1.v20110601", 
            "latest": true, 
            "master_id": "cmip5.output1.NOAA-GFDL.GFDL-HIRAM-C180.amip.day.atmos.day.r2i1p1", 
            "replica": true, 
            "score": 1.0, 
            "version": "20110601"
        }
    ], 
    "cmip5.output1.NOAA-GFDL.GFDL-HIRAM-C180.amip.mon.atmos.Amon.r1i1p1": [
        {
            "id": "cmip5.output1.NOAA-GFDL.GFDL-HIRAM-C180.amip.mon.atmos.Amon.r1i1p1.v20110601|esgdata.gfdl.noaa.gov", 
            "instance_id": "cmip5.output1.NOAA-GFDL.GFDL-HIRAM-C180.amip.mon.atmos.Amon.r1i1p1.v20110601", 
            "latest": true, 
            "master_id": "cmip5.output1.NOAA-GFDL.GFDL-HIRAM-C180.amip.mon.atmos.Amon.r1i1p1", 
            "replica": false, 
            "score": 1.0, 
            "version": "20110601"
        }, 
        {
            "id": "cmip5.output1.NOAA-GFDL.GFDL-HIRAM-C180.amip.mon.atmos.Amon.r1i1p1.v20110601|esgf2.dkrz.de", 
            "instance_id": "cmip5.output1.NOAA-GFDL.GFDL-HIRAM-C180.amip.mon.atmos.Amon.r1i1p1.v20110601", 
            "latest": true, 
            "master_id": "cmip5.output1.NOAA-GFDL.GFDL-HIRAM-C180.amip.mon.atmos.Amon.r1i1p1", 
            "replica": true, 
            "score": 1.0, 
            "version": "20110601"
        }, 
        {
            "id": "cmip5.output1.NOAA-GFDL.GFDL-HIRAM-C180.amip.mon.atmos.Amon.r1i1p1.v20110601|esgf-data1.ceda.ac.uk", 
            "instance_id": "cmip5.output1.NOAA-GFDL.GFDL-HIRAM-C180.amip.mon.atmos.Amon.r1i1p1.v20110601", 
            "latest": true, 
            "master_id": "cmip5.output1.NOAA-GFDL.GFDL-HIRAM-C180.amip.mon.atmos.Amon.r1i1p1", 
            "replica": true, 
            "score": 1.0, 
            "version": "20110601"
        }
    ], 
    "cmip5.output1.NOAA-GFDL.GFDL-HIRAM-C180.amip.mon.atmos.Amon.r2i1p1": [
        {
            "id": "cmip5.output1.NOAA-GFDL.GFDL-HIRAM-C180.amip.mon.atmos.Amon.r2i1p1.v20110601|esgdata.gfdl.noaa.gov", 
            "instance_id": "cmip5.output1.NOAA-GFDL.GFDL-HIRAM-C180.amip.mon.atmos.Amon.r2i1p1.v20110601", 
            "latest": true, 
            "master_id": "cmip5.output1.NOAA-GFDL.GFDL-HIRAM-C180.amip.mon.atmos.Amon.r2i1p1", 
            "replica": false, 
            "score": 1.0, 
            "version": "20110601"
        }, 
        {
            "id": "cmip5.output1.NOAA-GFDL.GFDL-HIRAM-C180.amip.mon.atmos.Amon.r2i1p1.v20110601|esgf2.dkrz.de", 
            "instance_id": "cmip5.output1.NOAA-GFDL.GFDL-HIRAM-C180.amip.mon.atmos.Amon.r2i1p1.v20110601", 
            "latest": true, 
            "master_id": "cmip5.output1.NOAA-GFDL.GFDL-HIRAM-C180.amip.mon.atmos.Amon.r2i1p1", 
            "replica": true, 
            "score": 1.0, 
            "version": "20110601"
        }, 
        {
            "id": "cmip5.output1.NOAA-GFDL.GFDL-HIRAM-C180.amip.mon.atmos.Amon.r2i1p1.v20110601|esgf-data1.ceda.ac.uk", 
            "instance_id": "cmip5.output1.NOAA-GFDL.GFDL-HIRAM-C180.amip.mon.atmos.Amon.r2i1p1.v20110601", 
            "latest": true, 
            "master_id": "cmip5.output1.NOAA-GFDL.GFDL-HIRAM-C180.amip.mon.atmos.Amon.r2i1p1", 
            "replica": true, 
            "score": 1.0, 
            "version": "20110601"
        }, 
        {
            "id": "cmip5.output1.NOAA-GFDL.GFDL-HIRAM-C180.amip.mon.atmos.Amon.r2i1p1.v20110601|aims3.llnl.gov", 
            "instance_id": "cmip5.output1.NOAA-GFDL.GFDL-HIRAM-C180.amip.mon.atmos.Amon.r2i1p1.v20110601", 
            "latest": true, 
            "master_id": "cmip5.output1.NOAA-GFDL.GFDL-HIRAM-C180.amip.mon.atmos.Amon.r2i1p1", 
            "replica": true, 
            "score": 1.0, 
            "version": "20110601"
        }
    ], 
    "cmip5.output1.NOAA-GFDL.GFDL-HIRAM-C180.amip.mon.atmos.Amon.r3i1p1": [
        {
            "id": "cmip5.output1.NOAA-GFDL.GFDL-HIRAM-C180.amip.mon.atmos.Amon.r3i1p1.v20110601|esgdata.gfdl.noaa.gov", 
            "instance_id": "cmip5.output1.NOAA-GFDL.GFDL-HIRAM-C180.amip.mon.atmos.Amon.r3i1p1.v20110601", 
            "latest": true, 
            "master_id": "cmip5.output1.NOAA-GFDL.GFDL-HIRAM-C180.amip.mon.atmos.Amon.r3i1p1", 
            "replica": false, 
            "score": 1.0, 
            "version": "20110601"
        }, 
        {
            "id": "cmip5.output1.NOAA-GFDL.GFDL-HIRAM-C180.amip.mon.atmos.Amon.r3i1p1.v20110601|esgf2.dkrz.de", 
            "instance_id": "cmip5.output1.NOAA-GFDL.GFDL-HIRAM-C180.amip.mon.atmos.Amon.r3i1p1.v20110601", 
            "latest": true, 
            "master_id": "cmip5.output1.NOAA-GFDL.GFDL-HIRAM-C180.amip.mon.atmos.Amon.r3i1p1", 
            "replica": true, 
            "score": 1.0, 
            "version": "20110601"
        }, 
        {
            "id": "cmip5.output1.NOAA-GFDL.GFDL-HIRAM-C180.amip.mon.atmos.Amon.r3i1p1.v20110601|esgf-data1.ceda.ac.uk", 
            "instance_id": "cmip5.output1.NOAA-GFDL.GFDL-HIRAM-C180.amip.mon.atmos.Amon.r3i1p1.v20110601", 
            "latest": true, 
            "master_id": "cmip5.output1.NOAA-GFDL.GFDL-HIRAM-C180.amip.mon.atmos.Amon.r3i1p1", 
            "replica": true, 
            "score": 1.0, 
            "version": "20110601"
        }, 
        {
            "id": "cmip5.output1.NOAA-GFDL.GFDL-HIRAM-C180.amip.mon.atmos.Amon.r3i1p1.v20110601|aims3.llnl.gov", 
            "instance_id": "cmip5.output1.NOAA-GFDL.GFDL-HIRAM-C180.amip.mon.atmos.Amon.r3i1p1.v20110601", 
            "latest": true, 
            "master_id": "cmip5.output1.NOAA-GFDL.GFDL-HIRAM-C180.amip.mon.atmos.Amon.r3i1p1", 
            "replica": true, 
            "score": 1.0, 
            "version": "20110601"
        }
    ], 
    "cmip5.output1.NOAA-GFDL.GFDL-HIRAM-C180.amip.mon.land.Lmon.r1i1p1": [
        {
            "id": "cmip5.output1.NOAA-GFDL.GFDL-HIRAM-C180.amip.mon.land.Lmon.r1i1p1.v20110601|esgdata.gfdl.noaa.gov", 
            "instance_id": "cmip5.output1.NOAA-GFDL.GFDL-HIRAM-C180.amip.mon.land.Lmon.r1i1p1.v20110601", 
            "latest": true, 
            "master_id": "cmip5.output1.NOAA-GFDL.GFDL-HIRAM-C180.amip.mon.land.Lmon.r1i1p1", 
            "replica": false, 
            "score": 1.0, 
            "version": "20110601"
        }, 
        {
            "id": "cmip5.output1.NOAA-GFDL.GFDL-HIRAM-C180.amip.mon.land.Lmon.r1i1p1.v20110601|esgf2.dkrz.de", 
            "instance_id": "cmip5.output1.NOAA-GFDL.GFDL-HIRAM-C180.amip.mon.land.Lmon.r1i1p1.v20110601", 
            "latest": true, 
            "master_id": "cmip5.output1.NOAA-GFDL.GFDL-HIRAM-C180.amip.mon.land.Lmon.r1i1p1", 
            "replica": true, 
            "score": 1.0, 
            "version": "20110601"
        }, 
        {
            "id": "cmip5.output1.NOAA-GFDL.GFDL-HIRAM-C180.amip.mon.land.Lmon.r1i1p1.v20110601|esgf-data1.ceda.ac.uk", 
            "instance_id": "cmip5.output1.NOAA-GFDL.GFDL-HIRAM-C180.amip.mon.land.Lmon.r1i1p1.v20110601", 
            "latest": true, 
            "master_id": "cmip5.output1.NOAA-GFDL.GFDL-HIRAM-C180.amip.mon.land.Lmon.r1i1p1", 
            "replica": true, 
            "score": 1.0, 
            "version": "20110601"
        }
    ], 
    "cmip5.output1.NOAA-GFDL.GFDL-HIRAM-C180.amip.mon.land.Lmon.r2i1p1": [
        {
            "id": "cmip5.output1.NOAA-GFDL.GFDL-HIRAM-C180.amip.mon.land.Lmon.r2i1p1.v20110601|esgdata.gfdl.noaa.gov", 
            "instance_id": "cmip5.output1.NOAA-GFDL.GFDL-HIRAM-C180.amip.mon.land.Lmon.r2i1p1.v20110601", 
            "latest": true, 
            "master_id": "cmip5.output1.NOAA-GFDL.GFDL-HIRAM-C180.amip.mon.land.Lmon.r2i1p1", 
            "replica": false, 
            "score": 1.0, 
            "version": "20110601"
        }, 
        {
            "id": "cmip5.output1.NOAA-GFDL.GFDL-HIRAM-C180.amip.mon.land.Lmon.r2i1p1.v20110601|esgf2.dkrz.de", 
            "instance_id": "cmip5.output1.NOAA-GFDL.GFDL-HIRAM-C180.amip.mon.land.Lmon.r2i1p1.v20110601", 
            "latest": true, 
            "master_id": "cmip5.output1.NOAA-GFDL.GFDL-HIRAM-C180.amip.mon.land.Lmon.r2i1p1", 
            "replica": true, 
            "score": 1.0, 
            "version": "20110601"
        }, 
        {
            "id": "cmip5.output1.NOAA-GFDL.GFDL-HIRAM-C180.amip.mon.land.Lmon.r2i1p1.v20110601|esgf-data1.ceda.ac.uk", 
            "instance_id": "cmip5.output1.NOAA-GFDL.GFDL-HIRAM-C180.amip.mon.land.Lmon.r2i1p1.v20110601", 
            "latest": true, 
            "master_id": "cmip5.output1.NOAA-GFDL.GFDL-HIRAM-C180.amip.mon.land.Lmon.r2i1p1", 
            "replica": true, 
            "score": 1.0, 
            "version": "20110601"
        }, 
        {
            "id": "cmip5.output1.NOAA-GFDL.GFDL-HIRAM-C180.amip.mon.land.Lmon.r2i1p1.v20110601|aims3.llnl.gov", 
            "instance_id": "cmip5.output1.NOAA-GFDL.GFDL-HIRAM-C180.amip.mon.land.Lmon.r2i1p1.v20110601", 
            "latest": true, 
            "master_id": "cmip5.output1.NOAA-GFDL.GFDL-HIRAM-C180.amip.mon.land.Lmon.r2i1p1", 
            "replica": true, 
            "score": 1.0, 
            "version": "20110601"
        }
    ], 
    "cmip5.output1.NOAA-GFDL.GFDL-HIRAM-C180.amip.mon.ocean.Omon.r1i1p1": [
        {
            "id": "cmip5.output1.NOAA-GFDL.GFDL-HIRAM-C180.amip.mon.ocean.Omon.r1i1p1.v20110601|esgdata.gfdl.noaa.gov", 
            "instance_id": "cmip5.output1.NOAA-GFDL.GFDL-HIRAM-C180.amip.mon.ocean.Omon.r1i1p1.v20110601", 
            "latest": true, 
            "master_id": "cmip5.output1.NOAA-GFDL.GFDL-HIRAM-C180.amip.mon.ocean.Omon.r1i1p1", 
            "replica": false, 
            "score": 1.0, 
            "version": "20110601"
        }, 
        {
            "id": "cmip5.output1.NOAA-GFDL.GFDL-HIRAM-C180.amip.mon.ocean.Omon.r1i1p1.v20110601|esgf2.dkrz.de", 
            "instance_id": "cmip5.output1.NOAA-GFDL.GFDL-HIRAM-C180.amip.mon.ocean.Omon.r1i1p1.v20110601", 
            "latest": true, 
            "master_id": "cmip5.output1.NOAA-GFDL.GFDL-HIRAM-C180.amip.mon.ocean.Omon.r1i1p1", 
            "replica": true, 
            "score": 1.0, 
            "version": "20110601"
        }, 
        {
            "id": "cmip5.output1.NOAA-GFDL.GFDL-HIRAM-C180.amip.mon.ocean.Omon.r1i1p1.v20110601|esgf-data1.ceda.ac.uk", 
            "instance_id": "cmip5.output1.NOAA-GFDL.GFDL-HIRAM-C180.amip.mon.ocean.Omon.r1i1p1.v20110601", 
            "latest": true, 
            "master_id": "cmip5.output1.NOAA-GFDL.GFDL-HIRAM-C180.amip.mon.ocean.Omon.r1i1p1", 
            "replica": true, 
            "score": 1.0, 
            "version": "20110601"
        }
    ], 
    "cmip5.output1.NOAA-GFDL.GFDL-HIRAM-C180.amip.mon.ocean.Omon.r2i1p1": [
        {
            "id": "cmip5.output1.NOAA-GFDL.GFDL-HIRAM-C180.amip.mon.ocean.Omon.r2i1p1.v20110601|esgdata.gfdl.noaa.gov", 
            "instance_id": "cmip5.output1.NOAA-GFDL.GFDL-HIRAM-C180.amip.mon.ocean.Omon.r2i1p1.v20110601", 
            "latest": true, 
            "master_id": "cmip5.output1.NOAA-GFDL.GFDL-HIRAM-C180.amip.mon.ocean.Omon.r2i1p1", 
            "replica": false, 
            "score": 1.0, 
            "version": "20110601"
        }, 
        {
            "id": "cmip5.output1.NOAA-GFDL.GFDL-HIRAM-C180.amip.mon.ocean.Omon.r2i1p1.v20110601|esgf2.dkrz.de", 
            "instance_id": "cmip5.output1.NOAA-GFDL.GFDL-HIRAM-C180.amip.mon.ocean.Omon.r2i1p1.v20110601", 
            "latest": true, 
            "master_id": "cmip5.output1.NOAA-GFDL.GFDL-HIRAM-C180.amip.mon.ocean.Omon.r2i1p1", 
            "replica": true, 
            "score": 1.0, 
            "version": "20110601"
        }, 
        {
            "id": "cmip5.output1.NOAA-GFDL.GFDL-HIRAM-C180.amip.mon.ocean.Omon.r2i1p1.v20110601|esgf-data1.ceda.ac.uk", 
            "instance_id": "cmip5.output1.NOAA-GFDL.GFDL-HIRAM-C180.amip.mon.ocean.Omon.r2i1p1.v20110601", 
            "latest": true, 
            "master_id": "cmip5.output1.NOAA-GFDL.GFDL-HIRAM-C180.amip.mon.ocean.Omon.r2i1p1", 
            "replica": true, 
            "score": 1.0, 
            "version": "20110601"
        }
    ], 
    "cmip5.output1.NOAA-GFDL.GFDL-HIRAM-C180.amip.mon.ocean.Omon.r3i1p1": [
        {
            "id": "cmip5.output1.NOAA-GFDL.GFDL-HIRAM-C180.amip.mon.ocean.Omon.r3i1p1.v20110601|esgdata.gfdl.noaa.gov", 
            "instance_id": "cmip5.output1.NOAA-GFDL.GFDL-HIRAM-C180.amip.mon.ocean.Omon.r3i1p1.v20110601", 
            "latest": true, 
            "master_id": "cmip5.output1.NOAA-GFDL.GFDL-HIRAM-C180.amip.mon.ocean.Omon.r3i1p1", 
            "replica": false, 
            "score": 1.0, 
            "version": "20110601"
        }, 
        {
            "id": "cmip5.output1.NOAA-GFDL.GFDL-HIRAM-C180.amip.mon.ocean.Omon.r3i1p1.v20110601|esgf2.dkrz.de", 
            "instance_id": "cmip5.output1.NOAA-GFDL.GFDL-HIRAM-C180.amip.mon.ocean.Omon.r3i1p1.v20110601", 
            "latest": true, 
            "master_id": "cmip5.output1.NOAA-GFDL.GFDL-HIRAM-C180.amip.mon.ocean.Omon.r3i1p1", 
            "replica": true, 
            "score": 1.0, 
            "version": "20110601"
        }, 
        {
            "id": "cmip5.output1.NOAA-GFDL.GFDL-HIRAM-C180.amip.mon.ocean.Omon.r3i1p1.v20110601|esgf-data1.ceda.ac.uk", 
            "instance_id": "cmip5.output1.NOAA-GFDL.GFDL-HIRAM-C180.amip.mon.ocean.Omon.r3i1p1.v20110601", 
            "latest": true, 
            "master_id": "cmip5.output1.NOAA-GFDL.GFDL-HIRAM-C180.amip.mon.ocean.Omon.r3i1p1", 
            "replica": true, 
            "score": 1.0, 
            "version": "20110601"
        }, 
        {
            "id": "cmip5.output1.NOAA-GFDL.GFDL-HIRAM-C180.amip.mon.ocean.Omon.r3i1p1.v20110601|aims3.llnl.gov", 
            "instance_id": "cmip5.output1.NOAA-GFDL.GFDL-HIRAM-C180.amip.mon.ocean.Omon.r3i1p1.v20110601", 
            "latest": true, 
            "master_id": "cmip5.output1.NOAA-GFDL.GFDL-HIRAM-C180.amip.mon.ocean.Omon.r3i1p1", 
            "replica": true, 
            "score": 1.0, 
            "version": "20110601"
        }
    ]
}